2026-03-16 11:43:48,814 - INFO - --- Starting Kafka to Kafka Sync Pipeline ---
2026-03-16 11:43:48,855 - INFO - 🚀 Started KafkaToKafkaWorker on topic: product_view
2026-03-16 11:43:59,970 - INFO - ✅ Data Sync: 1000 messages...
2026-03-16 11:44:00,307 - INFO - ✅ Data Sync: 2000 messages...
2026-03-16 11:44:02,253 - INFO - ✅ Data Sync: 3000 messages...
2026-03-16 11:44:02,596 - INFO - ✅ Data Sync: 4000 messages...
2026-03-16 11:44:04,760 - INFO - ✅ Data Sync: 5000 messages...
2026-03-16 11:44:06,369 - INFO - ✅ Data Sync: 6000 messages...
2026-03-16 11:44:06,577 - INFO - ✅ Data Sync: 7000 messages...
2026-03-16 11:44:08,412 - INFO - ✅ Data Sync: 8000 messages...
2026-03-16 11:44:08,448 - INFO - ✅ Data Sync: 9000 messages...
2026-03-16 11:44:10,452 - INFO - ✅ Data Sync: 10000 messages...
2026-03-16 11:44:10,506 - INFO - ✅ Data Sync: 11000 messages...
2026-03-16 11:44:12,204 - INFO - ✅ Data Sync: 12000 messages...
2026-03-16 11:44:12,780 - INFO - ✅ Data Sync: 13000 messages...
2026-03-16 11:44:12,784 - INFO - ✅ Data Sync: 14000 messages...
2026-03-16 11:44:12,889 - INFO - ✅ Data Sync: 15000 messages...
2026-03-16 11:44:14,910 - INFO - ✅ Data Sync: 16000 messages...
2026-03-16 11:44:16,221 - INFO - ✅ Data Sync: 17000 messages...
2026-03-16 11:44:17,060 - INFO - ✅ Data Sync: 18000 messages...
2026-03-16 11:44:18,624 - INFO - ✅ Data Sync: 19000 messages...
2026-03-16 11:44:19,221 - INFO - ✅ Data Sync: 20000 messages...
2026-03-16 11:44:20,973 - INFO - ✅ Data Sync: 21000 messages...
2026-03-16 11:44:21,165 - INFO - ✅ Data Sync: 22000 messages...
2026-03-16 11:44:21,440 - INFO - ✅ Data Sync: 23000 messages...
2026-03-16 11:44:22,867 - INFO - ✅ Data Sync: 24000 messages...
2026-03-16 11:44:23,145 - INFO - ✅ Data Sync: 25000 messages...
2026-03-16 11:44:24,117 - INFO - ✅ Data Sync: 26000 messages...
2026-03-16 11:44:24,120 - INFO - ✅ Data Sync: 27000 messages...
2026-03-16 11:44:24,238 - INFO - ✅ Data Sync: 28000 messages...
2026-03-16 11:44:24,648 - INFO - ✅ Data Sync: 29000 messages...
2026-03-16 11:44:25,715 - INFO - ✅ Data Sync: 30000 messages...
2026-03-16 11:44:26,074 - INFO - ✅ Data Sync: 31000 messages...
2026-03-16 11:44:26,267 - INFO - ✅ Data Sync: 32000 messages...
2026-03-16 11:44:26,812 - INFO - ✅ Data Sync: 33000 messages...
2026-03-16 11:44:27,554 - INFO - ✅ Data Sync: 34000 messages...
2026-03-16 11:44:27,931 - INFO - ✅ Data Sync: 35000 messages...
2026-03-16 11:44:28,612 - INFO - ✅ Data Sync: 36000 messages...
2026-03-16 11:44:29,165 - INFO - ✅ Data Sync: 37000 messages...
2026-03-16 11:44:29,333 - INFO - ✅ Data Sync: 38000 messages...
2026-03-16 11:44:30,168 - INFO - ✅ Data Sync: 39000 messages...
2026-03-16 11:44:30,171 - INFO - ✅ Data Sync: 40000 messages...
2026-03-16 11:44:30,740 - INFO - ✅ Data Sync: 41000 messages...
2026-03-16 11:44:30,829 - INFO - ✅ Data Sync: 42000 messages...
2026-03-16 11:44:32,034 - INFO - ✅ Data Sync: 43000 messages...
2026-03-16 11:44:32,083 - INFO - ✅ Data Sync: 44000 messages...
2026-03-16 11:44:32,318 - INFO - ✅ Data Sync: 45000 messages...
2026-03-16 11:44:33,427 - INFO - ✅ Data Sync: 46000 messages...
2026-03-16 11:44:33,622 - INFO - ✅ Data Sync: 47000 messages...
2026-03-16 11:44:33,741 - INFO - ✅ Data Sync: 48000 messages...
2026-03-16 11:44:34,784 - INFO - ✅ Data Sync: 49000 messages...
2026-03-16 11:44:35,600 - INFO - ✅ Data Sync: 50000 messages...
2026-03-16 11:44:36,130 - INFO - ✅ Data Sync: 51000 messages...
2026-03-16 11:44:36,310 - INFO - ✅ Data Sync: 52000 messages...
2026-03-16 11:44:37,426 - INFO - ✅ Data Sync: 53000 messages...
2026-03-16 11:44:37,429 - INFO - ✅ Data Sync: 54000 messages...
2026-03-16 11:44:38,220 - INFO - ✅ Data Sync: 55000 messages...
2026-03-16 11:44:38,445 - INFO - ✅ Data Sync: 56000 messages...
2026-03-16 11:44:39,062 - INFO - ✅ Data Sync: 57000 messages...
2026-03-16 11:44:40,407 - INFO - ✅ Data Sync: 58000 messages...
2026-03-16 11:44:40,595 - INFO - ✅ Data Sync: 59000 messages...
2026-03-16 11:44:40,706 - INFO - ✅ Data Sync: 60000 messages...
2026-03-16 11:44:42,104 - INFO - ✅ Data Sync: 61000 messages...
2026-03-16 11:44:42,151 - INFO - ✅ Data Sync: 62000 messages...
2026-03-16 11:44:42,940 - INFO - ✅ Data Sync: 63000 messages...
2026-03-16 11:44:43,585 - INFO - ✅ Data Sync: 64000 messages...
2026-03-16 11:44:43,872 - INFO - ✅ Data Sync: 65000 messages...
2026-03-16 11:44:44,732 - INFO - ✅ Data Sync: 66000 messages...
2026-03-16 11:44:44,735 - INFO - ✅ Data Sync: 67000 messages...
2026-03-16 11:44:45,143 - INFO - ✅ Data Sync: 68000 messages...
2026-03-16 11:44:45,724 - INFO - ✅ Data Sync: 69000 messages...
2026-03-16 11:44:46,318 - INFO - ✅ Data Sync: 70000 messages...
2026-03-16 11:44:46,483 - INFO - ✅ Data Sync: 71000 messages...
2026-03-16 11:44:47,483 - INFO - ✅ Data Sync: 72000 messages...
2026-03-16 11:44:47,662 - INFO - ✅ Data Sync: 73000 messages...
2026-03-16 11:44:47,816 - INFO - ✅ Data Sync: 74000 messages...
2026-03-16 11:44:49,268 - INFO - ✅ Data Sync: 75000 messages...
2026-03-16 11:44:49,358 - INFO - ✅ Data Sync: 76000 messages...
2026-03-16 11:44:49,936 - INFO - ✅ Data Sync: 77000 messages...
2026-03-16 11:44:50,652 - INFO - ✅ Data Sync: 78000 messages...
2026-03-16 11:44:51,581 - INFO - ✅ Data Sync: 79000 messages...
2026-03-16 11:44:51,846 - INFO - ✅ Data Sync: 80000 messages...
2026-03-16 11:44:51,850 - INFO - ✅ Data Sync: 81000 messages...
2026-03-16 11:44:52,003 - INFO - ✅ Data Sync: 82000 messages...
2026-03-16 11:44:53,342 - INFO - ✅ Data Sync: 83000 messages...
2026-03-16 11:44:54,576 - INFO - ✅ Data Sync: 84000 messages...
2026-03-16 11:44:54,639 - INFO - ✅ Data Sync: 85000 messages...
2026-03-16 11:44:54,660 - INFO - ✅ Data Sync: 86000 messages...
2026-03-16 11:44:56,576 - INFO - --- Starting Kafka to MongoDB Pipeline ---
2026-03-16 11:44:56,591 - INFO - 🚀 Started KafkaToMongoWorker on topic: product_view
2026-03-16 11:44:56,641 - INFO - ✅ Data Sync: 87000 messages...
2026-03-16 11:44:56,838 - INFO - ✅ Data Sync: 88000 messages...
2026-03-16 11:44:57,046 - INFO - ✅ Data Sync: 89000 messages...
2026-03-16 11:44:58,219 - INFO - ✅ Data Sync: 90000 messages...
2026-03-16 11:44:59,146 - INFO - ✅ Data Sync: 91000 messages...
2026-03-16 11:44:59,539 - INFO - ✅ Data Sync: 92000 messages...
2026-03-16 11:44:59,852 - INFO - ✅ Bulk write: 1000 upserted, 0 modified
2026-03-16 11:44:59,918 - INFO - ✅ Bulk write: 1000 upserted, 0 modified
2026-03-16 11:44:59,974 - INFO - ✅ Bulk write: 1000 upserted, 0 modified
2026-03-16 11:44:59,981 - INFO - ✅ Data Sync: 93000 messages...
2026-03-16 11:44:59,982 - INFO - ✅ Data Sync: 94000 messages...
2026-03-16 11:45:00,032 - INFO - ✅ Bulk write: 1000 upserted, 0 modified
2026-03-16 11:45:00,075 - INFO - ✅ Bulk write: 1000 upserted, 0 modified
2026-03-16 11:45:00,118 - INFO - ✅ Bulk write: 1000 upserted, 0 modified
2026-03-16 11:45:00,141 - INFO - ✅ Bulk write: 1000 upserted, 0 modified
2026-03-16 11:45:00,159 - INFO - ✅ Bulk write: 1000 upserted, 0 modified
2026-03-16 11:45:00,177 - INFO - ✅ Bulk write: 1000 upserted, 0 modified
2026-03-16 11:45:00,201 - INFO - ✅ Bulk write: 1000 upserted, 0 modified
2026-03-16 11:45:00,221 - INFO - ✅ Bulk write: 1000 upserted, 0 modified
2026-03-16 11:45:00,241 - INFO - ✅ Bulk write: 1000 upserted, 0 modified
2026-03-16 11:45:00,260 - INFO - ✅ Bulk write: 1000 upserted, 0 modified
2026-03-16 11:45:00,286 - INFO - ✅ Bulk write: 1000 upserted, 0 modified
2026-03-16 11:45:00,305 - INFO - ✅ Bulk write: 1000 upserted, 0 modified
2026-03-16 11:45:00,322 - INFO - ✅ Bulk write: 1000 upserted, 0 modified
2026-03-16 11:45:00,339 - INFO - ✅ Bulk write: 1000 upserted, 0 modified
2026-03-16 11:45:00,360 - INFO - ✅ Bulk write: 1000 upserted, 0 modified
2026-03-16 11:45:00,378 - INFO - ✅ Bulk write: 1000 upserted, 0 modified
2026-03-16 11:45:00,396 - INFO - ✅ Bulk write: 1000 upserted, 0 modified
2026-03-16 11:45:00,415 - INFO - ✅ Bulk write: 1000 upserted, 0 modified
2026-03-16 11:45:00,432 - INFO - ✅ Bulk write: 1000 upserted, 0 modified
2026-03-16 11:45:00,448 - INFO - ✅ Bulk write: 1000 upserted, 0 modified
2026-03-16 11:45:00,464 - INFO - ✅ Bulk write: 1000 upserted, 0 modified
2026-03-16 11:45:00,482 - INFO - ✅ Bulk write: 1000 upserted, 0 modified
2026-03-16 11:45:00,503 - INFO - ✅ Bulk write: 1000 upserted, 0 modified
2026-03-16 11:45:00,521 - INFO - ✅ Bulk write: 1000 upserted, 0 modified
2026-03-16 11:45:00,537 - INFO - ✅ Bulk write: 1000 upserted, 0 modified
2026-03-16 11:45:00,553 - INFO - ✅ Bulk write: 1000 upserted, 0 modified
2026-03-16 11:45:00,573 - INFO - ✅ Bulk write: 1000 upserted, 0 modified
2026-03-16 11:45:00,590 - INFO - ✅ Bulk write: 1000 upserted, 0 modified
2026-03-16 11:45:00,607 - INFO - ✅ Bulk write: 1000 upserted, 0 modified
2026-03-16 11:45:00,624 - INFO - ✅ Bulk write: 1000 upserted, 0 modified
2026-03-16 11:45:00,641 - INFO - ✅ Bulk write: 1000 upserted, 0 modified
2026-03-16 11:45:00,657 - INFO - ✅ Bulk write: 1000 upserted, 0 modified
2026-03-16 11:45:00,676 - INFO - ✅ Bulk write: 1000 upserted, 0 modified
2026-03-16 11:45:00,692 - INFO - ✅ Bulk write: 1000 upserted, 0 modified
2026-03-16 11:45:00,708 - INFO - ✅ Bulk write: 1000 upserted, 0 modified
2026-03-16 11:45:00,724 - INFO - ✅ Bulk write: 1000 upserted, 0 modified
2026-03-16 11:45:00,739 - INFO - ✅ Bulk write: 1000 upserted, 0 modified
2026-03-16 11:45:00,755 - INFO - ✅ Bulk write: 1000 upserted, 0 modified
2026-03-16 11:45:00,771 - INFO - ✅ Bulk write: 1000 upserted, 0 modified
2026-03-16 11:45:00,786 - INFO - ✅ Bulk write: 1000 upserted, 0 modified
2026-03-16 11:45:00,802 - INFO - ✅ Bulk write: 1000 upserted, 0 modified
2026-03-16 11:45:00,817 - INFO - ✅ Bulk write: 1000 upserted, 0 modified
2026-03-16 11:45:00,833 - INFO - ✅ Bulk write: 1000 upserted, 0 modified
2026-03-16 11:45:00,849 - INFO - ✅ Bulk write: 1000 upserted, 0 modified
2026-03-16 11:45:00,870 - INFO - ✅ Bulk write: 1000 upserted, 0 modified
2026-03-16 11:45:00,887 - INFO - ✅ Bulk write: 1000 upserted, 0 modified
2026-03-16 11:45:00,904 - INFO - ✅ Bulk write: 1000 upserted, 0 modified
2026-03-16 11:45:00,921 - INFO - ✅ Bulk write: 1000 upserted, 0 modified
2026-03-16 11:45:00,937 - INFO - ✅ Bulk write: 1000 upserted, 0 modified
2026-03-16 11:45:00,955 - INFO - ✅ Bulk write: 1000 upserted, 0 modified
2026-03-16 11:45:00,971 - INFO - ✅ Bulk write: 1000 upserted, 0 modified
2026-03-16 11:45:00,991 - INFO - ✅ Bulk write: 1000 upserted, 0 modified
2026-03-16 11:45:01,010 - INFO - ✅ Bulk write: 1000 upserted, 0 modified
2026-03-16 11:45:01,026 - INFO - ✅ Bulk write: 1000 upserted, 0 modified
2026-03-16 11:45:01,042 - INFO - ✅ Bulk write: 1000 upserted, 0 modified
2026-03-16 11:45:01,057 - INFO - ✅ Bulk write: 1000 upserted, 0 modified
2026-03-16 11:45:01,073 - INFO - ✅ Bulk write: 1000 upserted, 0 modified
2026-03-16 11:45:01,088 - INFO - ✅ Bulk write: 1000 upserted, 0 modified
2026-03-16 11:45:01,105 - INFO - ✅ Data Sync: 95000 messages...
2026-03-16 11:45:01,108 - INFO - ✅ Bulk write: 1000 upserted, 0 modified
2026-03-16 11:45:01,143 - INFO - ✅ Bulk write: 1000 upserted, 0 modified
2026-03-16 11:45:01,176 - INFO - ✅ Bulk write: 1000 upserted, 0 modified
2026-03-16 11:45:01,195 - INFO - ✅ Bulk write: 1000 upserted, 0 modified
2026-03-16 11:45:01,211 - INFO - ✅ Bulk write: 1000 upserted, 0 modified
2026-03-16 11:45:01,226 - INFO - ✅ Bulk write: 1000 upserted, 0 modified
2026-03-16 11:45:01,244 - INFO - ✅ Bulk write: 1000 upserted, 0 modified
2026-03-16 11:45:01,262 - INFO - ✅ Bulk write: 1000 upserted, 0 modified
2026-03-16 11:45:01,279 - INFO - ✅ Bulk write: 1000 upserted, 0 modified
2026-03-16 11:45:01,299 - INFO - ✅ Bulk write: 1000 upserted, 0 modified
2026-03-16 11:45:01,317 - INFO - ✅ Bulk write: 1000 upserted, 0 modified
2026-03-16 11:45:01,334 - INFO - ✅ Bulk write: 1000 upserted, 0 modified
2026-03-16 11:45:01,351 - INFO - ✅ Bulk write: 1000 upserted, 0 modified
2026-03-16 11:45:01,367 - INFO - ✅ Bulk write: 1000 upserted, 0 modified
2026-03-16 11:45:01,385 - INFO - ✅ Bulk write: 1000 upserted, 0 modified
2026-03-16 11:45:01,401 - INFO - ✅ Bulk write: 1000 upserted, 0 modified
2026-03-16 11:45:01,417 - INFO - ✅ Bulk write: 1000 upserted, 0 modified
2026-03-16 11:45:01,432 - INFO - ✅ Bulk write: 1000 upserted, 0 modified
2026-03-16 11:45:01,460 - INFO - ✅ Bulk write: 1000 upserted, 0 modified
2026-03-16 11:45:01,475 - INFO - ✅ Bulk write: 1000 upserted, 0 modified
2026-03-16 11:45:01,491 - INFO - ✅ Bulk write: 1000 upserted, 0 modified
2026-03-16 11:45:01,506 - INFO - ✅ Bulk write: 1000 upserted, 0 modified
2026-03-16 11:45:01,521 - INFO - ✅ Bulk write: 1000 upserted, 0 modified
2026-03-16 11:45:01,537 - INFO - ✅ Bulk write: 1000 upserted, 0 modified
2026-03-16 11:45:01,549 - INFO - ✅ Data Sync: 96000 messages...
2026-03-16 11:45:01,552 - INFO - ✅ Bulk write: 1000 upserted, 0 modified
2026-03-16 11:45:01,571 - INFO - ✅ Bulk write: 1000 upserted, 0 modified
2026-03-16 11:45:01,588 - INFO - ✅ Bulk write: 1000 upserted, 0 modified
2026-03-16 11:45:01,589 - INFO - ✅ Data Sync: 97000 messages...
2026-03-16 11:45:01,604 - INFO - ✅ Bulk write: 1000 upserted, 0 modified
2026-03-16 11:45:01,627 - INFO - ✅ Bulk write: 1000 upserted, 0 modified
2026-03-16 11:45:01,643 - INFO - ✅ Bulk write: 1000 upserted, 0 modified
2026-03-16 11:45:01,660 - INFO - ✅ Bulk write: 1000 upserted, 0 modified
2026-03-16 11:45:01,676 - INFO - ✅ Bulk write: 1000 upserted, 0 modified
2026-03-16 11:45:01,692 - INFO - ✅ Bulk write: 1000 upserted, 0 modified
2026-03-16 11:45:01,712 - INFO - ✅ Bulk write: 1000 upserted, 0 modified
2026-03-16 11:45:01,729 - INFO - ✅ Bulk write: 1000 upserted, 0 modified
2026-03-16 11:45:01,747 - INFO - ✅ Bulk write: 1000 upserted, 0 modified
2026-03-16 11:45:02,787 - INFO - ✅ Bulk write: 370 upserted, 0 modified
2026-03-16 11:45:03,277 - INFO - ✅ Data Sync: 98000 messages...
2026-03-16 11:45:03,373 - INFO - ✅ Data Sync: 99000 messages...
2026-03-16 11:45:03,378 - INFO - ✅ Bulk write: 1000 upserted, 0 modified
2026-03-16 11:45:03,446 - INFO - ✅ Bulk write: 1000 upserted, 0 modified
2026-03-16 11:45:03,894 - INFO - ✅ Data Sync: 100000 messages...
2026-03-16 11:45:03,975 - INFO - ✅ Bulk write: 1000 upserted, 0 modified
2026-03-16 11:45:05,009 - INFO - ✅ Bulk write: 237 upserted, 0 modified
2026-03-16 11:45:05,057 - INFO - ✅ Data Sync: 101000 messages...
2026-03-16 11:45:05,140 - INFO - ✅ Bulk write: 1000 upserted, 0 modified
2026-03-16 11:45:05,351 - INFO - ✅ Data Sync: 102000 messages...
2026-03-16 11:45:05,424 - INFO - ✅ Bulk write: 1000 upserted, 0 modified
2026-03-16 11:45:05,938 - INFO - ✅ Data Sync: 103000 messages...
2026-03-16 11:45:06,008 - INFO - ✅ Bulk write: 1000 upserted, 0 modified
2026-03-16 11:45:06,575 - INFO - ✅ Data Sync: 104000 messages...
2026-03-16 11:45:06,672 - INFO - ✅ Bulk write: 1000 upserted, 0 modified
2026-03-16 11:45:07,079 - INFO - ✅ Data Sync: 105000 messages...
2026-03-16 11:45:07,082 - INFO - ✅ Data Sync: 106000 messages...
2026-03-16 11:45:07,162 - INFO - ✅ Bulk write: 1000 upserted, 0 modified
2026-03-16 11:45:07,966 - INFO - ✅ Data Sync: 107000 messages...
2026-03-16 11:45:08,054 - INFO - ✅ Bulk write: 1000 upserted, 0 modified
2026-03-16 11:45:08,478 - INFO - ✅ Data Sync: 108000 messages...
2026-03-16 11:45:08,555 - INFO - ✅ Bulk write: 1000 upserted, 0 modified
2026-03-16 11:45:08,599 - INFO - ✅ Data Sync: 109000 messages...
2026-03-16 11:45:08,669 - INFO - ✅ Bulk write: 1000 upserted, 0 modified
2026-03-16 11:45:09,235 - INFO - ✅ Data Sync: 110000 messages...
2026-03-16 11:45:09,320 - INFO - ✅ Bulk write: 1000 upserted, 0 modified
2026-03-16 11:45:10,296 - INFO - ✅ Data Sync: 111000 messages...
2026-03-16 11:45:10,373 - INFO - ✅ Bulk write: 1000 upserted, 0 modified
2026-03-16 11:45:10,661 - INFO - ✅ Data Sync: 112000 messages...
2026-03-16 11:45:10,742 - INFO - ✅ Bulk write: 1000 upserted, 0 modified
2026-03-16 11:45:11,810 - INFO - ✅ Bulk write: 923 upserted, 0 modified
2026-03-16 11:45:11,969 - INFO - ✅ Data Sync: 113000 messages...
2026-03-16 11:45:12,056 - INFO - ✅ Bulk write: 1000 upserted, 0 modified
2026-03-16 11:45:12,210 - INFO - ✅ Data Sync: 114000 messages...
2026-03-16 11:45:12,288 - INFO - ✅ Bulk write: 1000 upserted, 0 modified
2026-03-16 11:45:12,443 - INFO - ✅ Data Sync: 115000 messages...
2026-03-16 11:45:12,547 - INFO - ✅ Bulk write: 1000 upserted, 0 modified
2026-03-16 11:45:13,479 - INFO - ✅ Data Sync: 116000 messages...
2026-03-16 11:45:13,578 - INFO - ✅ Bulk write: 1000 upserted, 0 modified
2026-03-16 11:45:13,756 - INFO - ✅ Data Sync: 117000 messages...
2026-03-16 11:45:13,839 - INFO - ✅ Bulk write: 1000 upserted, 0 modified
2026-03-16 11:45:14,888 - INFO - ✅ Bulk write: 426 upserted, 0 modified
2026-03-16 11:45:16,260 - INFO - ✅ Data Sync: 118000 messages...
2026-03-16 11:45:16,262 - INFO - ✅ Data Sync: 119000 messages...
2026-03-16 11:45:16,336 - INFO - ✅ Bulk write: 1000 upserted, 0 modified
2026-03-16 11:45:17,176 - INFO - ✅ Data Sync: 120000 messages...
2026-03-16 11:45:17,266 - INFO - ✅ Bulk write: 1000 upserted, 0 modified
2026-03-16 11:45:18,302 - INFO - ✅ Bulk write: 160 upserted, 0 modified
2026-03-16 11:45:18,357 - INFO - ✅ Data Sync: 121000 messages...
2026-03-16 11:45:18,453 - INFO - ✅ Bulk write: 1000 upserted, 0 modified
2026-03-16 11:45:19,337 - INFO - ✅ Data Sync: 122000 messages...
2026-03-16 11:45:19,422 - INFO - ✅ Bulk write: 1000 upserted, 0 modified
2026-03-16 11:45:20,153 - INFO - ✅ Data Sync: 123000 messages...
2026-03-16 11:45:20,238 - INFO - ✅ Bulk write: 1000 upserted, 0 modified
2026-03-16 11:45:21,160 - INFO - ✅ Data Sync: 124000 messages...
2026-03-16 11:45:21,256 - INFO - ✅ Bulk write: 1000 upserted, 0 modified
2026-03-16 11:45:21,825 - INFO - ✅ Data Sync: 125000 messages...
2026-03-16 11:45:21,915 - INFO - ✅ Bulk write: 1000 upserted, 0 modified
2026-03-16 11:45:22,026 - INFO - ✅ Data Sync: 126000 messages...
2026-03-16 11:45:22,104 - INFO - ✅ Bulk write: 1000 upserted, 0 modified
2026-03-16 11:45:23,158 - INFO - ✅ Bulk write: 480 upserted, 0 modified
2026-03-16 11:45:23,989 - INFO - ✅ Data Sync: 127000 messages...
2026-03-16 11:45:24,084 - INFO - ✅ Bulk write: 1000 upserted, 0 modified
2026-03-16 11:45:24,570 - INFO - ✅ Data Sync: 128000 messages...
2026-03-16 11:45:24,659 - INFO - ✅ Bulk write: 1000 upserted, 0 modified
2026-03-16 11:45:25,692 - INFO - ✅ Bulk write: 142 upserted, 0 modified
2026-03-16 11:45:26,823 - INFO - ✅ Data Sync: 129000 messages...
2026-03-16 11:45:26,913 - INFO - ✅ Bulk write: 1000 upserted, 0 modified
2026-03-16 11:45:27,936 - INFO - ✅ Bulk write: 78 upserted, 0 modified
2026-03-16 11:45:28,282 - INFO - ✅ Data Sync: 130000 messages...
2026-03-16 11:45:28,370 - INFO - ✅ Bulk write: 1000 upserted, 0 modified
2026-03-16 11:45:29,076 - INFO - ✅ Data Sync: 131000 messages...
2026-03-16 11:45:29,172 - INFO - ✅ Bulk write: 1000 upserted, 0 modified
2026-03-16 11:45:29,177 - INFO - ✅ Data Sync: 132000 messages...
2026-03-16 11:45:29,179 - INFO - ✅ Data Sync: 133000 messages...
2026-03-16 11:45:29,256 - INFO - ✅ Bulk write: 1000 upserted, 0 modified
2026-03-16 11:45:30,294 - INFO - ✅ Bulk write: 249 upserted, 0 modified
2026-03-16 11:45:31,204 - INFO - ✅ Data Sync: 134000 messages...
2026-03-16 11:45:31,218 - INFO - ✅ Data Sync: 135000 messages...
2026-03-16 11:45:31,301 - INFO - ✅ Bulk write: 1000 upserted, 0 modified
2026-03-16 11:45:31,342 - INFO - ✅ Bulk write: 1000 upserted, 0 modified
2026-03-16 11:45:32,377 - INFO - ✅ Bulk write: 157 upserted, 0 modified
2026-03-16 11:45:33,040 - INFO - ✅ Data Sync: 136000 messages...
2026-03-16 11:45:33,127 - INFO - ✅ Bulk write: 1000 upserted, 0 modified
2026-03-16 11:45:34,154 - INFO - ✅ Bulk write: 95 upserted, 0 modified
2026-03-16 11:45:34,488 - INFO - ✅ Data Sync: 137000 messages...
2026-03-16 11:45:34,576 - INFO - ✅ Bulk write: 1000 upserted, 0 modified
2026-03-16 11:45:34,646 - INFO - ✅ Data Sync: 138000 messages...
2026-03-16 11:45:34,711 - INFO - ✅ Bulk write: 1000 upserted, 0 modified
2026-03-16 11:45:34,851 - INFO - ✅ Data Sync: 139000 messages...
2026-03-16 11:45:34,917 - INFO - ✅ Bulk write: 1000 upserted, 0 modified
2026-03-16 11:45:35,952 - INFO - ✅ Bulk write: 271 upserted, 0 modified
2026-03-16 11:45:36,555 - INFO - ✅ Data Sync: 140000 messages...
2026-03-16 11:45:36,657 - INFO - ✅ Bulk write: 1000 upserted, 0 modified
2026-03-16 11:45:37,101 - INFO - ✅ Data Sync: 141000 messages...
2026-03-16 11:45:37,169 - INFO - ✅ Bulk write: 1000 upserted, 0 modified
2026-03-16 11:45:38,118 - INFO - ✅ Data Sync: 142000 messages...
2026-03-16 11:45:38,206 - INFO - ✅ Bulk write: 1000 upserted, 0 modified
2026-03-16 11:45:38,817 - INFO - ✅ Data Sync: 143000 messages...
2026-03-16 11:45:38,900 - INFO - ✅ Bulk write: 1000 upserted, 0 modified
2026-03-16 11:45:39,509 - INFO - ✅ Data Sync: 144000 messages...
2026-03-16 11:45:39,524 - INFO - ✅ Data Sync: 145000 messages...
2026-03-16 11:45:39,528 - INFO - ✅ Data Sync: 146000 messages...
2026-03-16 11:45:39,595 - INFO - ✅ Bulk write: 1000 upserted, 0 modified
2026-03-16 11:45:39,642 - INFO - ✅ Bulk write: 1000 upserted, 0 modified
2026-03-16 11:45:40,694 - INFO - ✅ Bulk write: 472 upserted, 0 modified
2026-03-16 11:45:40,837 - INFO - ✅ Data Sync: 147000 messages...
2026-03-16 11:45:40,932 - INFO - ✅ Bulk write: 1000 upserted, 0 modified
2026-03-16 11:45:41,711 - INFO - ✅ Data Sync: 148000 messages...
2026-03-16 11:45:41,779 - INFO - ✅ Bulk write: 1000 upserted, 0 modified
2026-03-16 11:45:42,195 - INFO - ✅ Data Sync: 149000 messages...
2026-03-16 11:45:42,271 - INFO - ✅ Bulk write: 1000 upserted, 0 modified
2026-03-16 11:45:43,206 - INFO - ✅ Data Sync: 150000 messages...
2026-03-16 11:45:43,297 - INFO - ✅ Data Sync: 151000 messages...
2026-03-16 11:45:43,308 - INFO - ✅ Bulk write: 1000 upserted, 0 modified
2026-03-16 11:45:43,357 - INFO - ✅ Bulk write: 1000 upserted, 0 modified
2026-03-16 11:45:43,470 - INFO - ✅ Data Sync: 152000 messages...
2026-03-16 11:45:43,553 - INFO - ✅ Bulk write: 1000 upserted, 0 modified
2026-03-16 11:45:44,601 - INFO - ✅ Bulk write: 555 upserted, 0 modified
2026-03-16 11:45:44,755 - INFO - ✅ Data Sync: 153000 messages...
2026-03-16 11:45:44,854 - INFO - ✅ Bulk write: 1000 upserted, 0 modified
2026-03-16 11:45:44,880 - INFO - ✅ Data Sync: 154000 messages...
2026-03-16 11:45:44,958 - INFO - ✅ Bulk write: 1000 upserted, 0 modified
2026-03-16 11:45:46,000 - INFO - ✅ Bulk write: 163 upserted, 0 modified
2026-03-16 11:45:46,261 - INFO - ✅ Data Sync: 155000 messages...
2026-03-16 11:45:46,343 - INFO - ✅ Bulk write: 1000 upserted, 0 modified
2026-03-16 11:45:46,761 - INFO - ✅ Data Sync: 156000 messages...
2026-03-16 11:45:46,797 - INFO - ✅ Data Sync: 157000 messages...
2026-03-16 11:45:46,830 - INFO - ✅ Bulk write: 1000 upserted, 0 modified
2026-03-16 11:45:46,855 - INFO - ✅ Bulk write: 1000 upserted, 0 modified
2026-03-16 11:45:47,655 - INFO - ✅ Data Sync: 158000 messages...
2026-03-16 11:45:47,659 - INFO - ✅ Data Sync: 159000 messages...
2026-03-16 11:45:47,749 - INFO - ✅ Bulk write: 1000 upserted, 0 modified
2026-03-16 11:45:48,438 - INFO - ✅ Data Sync: 160000 messages...
2026-03-16 11:45:48,526 - INFO - ✅ Bulk write: 1000 upserted, 0 modified
2026-03-16 11:45:48,994 - INFO - ✅ Data Sync: 161000 messages...
2026-03-16 11:45:49,054 - INFO - ✅ Data Sync: 162000 messages...
2026-03-16 11:45:49,073 - INFO - ✅ Bulk write: 1000 upserted, 0 modified
2026-03-16 11:45:49,114 - INFO - ✅ Bulk write: 1000 upserted, 0 modified
2026-03-16 11:45:49,934 - INFO - ✅ Data Sync: 163000 messages...
2026-03-16 11:45:49,999 - INFO - ✅ Bulk write: 1000 upserted, 0 modified
2026-03-16 11:45:50,647 - INFO - ✅ Data Sync: 164000 messages...
2026-03-16 11:45:50,735 - INFO - ✅ Bulk write: 1000 upserted, 0 modified
2026-03-16 11:45:50,758 - INFO - ✅ Data Sync: 165000 messages...
2026-03-16 11:45:50,828 - INFO - ✅ Bulk write: 1000 upserted, 0 modified
2026-03-16 11:45:51,897 - INFO - ✅ Bulk write: 770 upserted, 0 modified
2026-03-16 11:45:52,016 - INFO - ✅ Data Sync: 166000 messages...
2026-03-16 11:45:52,104 - INFO - ✅ Bulk write: 1000 upserted, 0 modified
2026-03-16 11:45:52,119 - INFO - ✅ Data Sync: 167000 messages...
2026-03-16 11:45:52,221 - INFO - ✅ Bulk write: 1000 upserted, 0 modified
2026-03-16 11:45:52,363 - INFO - ✅ Data Sync: 168000 messages...
2026-03-16 11:45:52,460 - INFO - ✅ Bulk write: 1000 upserted, 0 modified
2026-03-16 11:45:53,498 - INFO - ✅ Data Sync: 169000 messages...
2026-03-16 11:45:53,500 - INFO - ✅ Bulk write: 258 upserted, 0 modified
2026-03-16 11:45:53,592 - INFO - ✅ Bulk write: 1000 upserted, 0 modified
2026-03-16 11:45:53,805 - INFO - ✅ Data Sync: 170000 messages...
2026-03-16 11:45:53,808 - INFO - ✅ Bulk write: 83 upserted, 0 modified
2026-03-16 11:45:54,543 - INFO - ✅ Data Sync: 171000 messages...
2026-03-16 11:45:54,546 - INFO - ✅ Data Sync: 172000 messages...
2026-03-16 11:45:55,170 - INFO - ✅ Data Sync: 173000 messages...
2026-03-16 11:45:55,372 - INFO - ✅ Data Sync: 174000 messages...
